Traceback (most recent call last):
  File "/usr/local/lib/python3.10/dist-packages/jupyter_cache/executors/utils.py", line 58, in single_nb_execution
    executenb(
  File "/usr/local/lib/python3.10/dist-packages/nbclient/client.py", line 1314, in execute
    return NotebookClient(nb=nb, resources=resources, km=km, **kwargs).execute()
  File "/usr/local/lib/python3.10/dist-packages/jupyter_core/utils/__init__.py", line 165, in wrapped
    return loop.run_until_complete(inner)
  File "/usr/lib/python3.10/asyncio/base_events.py", line 649, in run_until_complete
    return future.result()
  File "/usr/local/lib/python3.10/dist-packages/nbclient/client.py", line 709, in async_execute
    await self.async_execute_cell(
  File "/usr/local/lib/python3.10/dist-packages/nbclient/client.py", line 1062, in async_execute_cell
    await self._check_raise_for_error(cell, cell_index, exec_reply)
  File "/usr/local/lib/python3.10/dist-packages/nbclient/client.py", line 918, in _check_raise_for_error
    raise CellExecutionError.from_cell_and_msg(cell, exec_reply_content)
nbclient.exceptions.CellExecutionError: An error occurred while executing the following cell:
------------------
url = 'https://jatim.tribunnews.com/'
response = requests.get(url)

# Periksa apakah request berhasil
if response.status_code == 200:
    print("Request berhasil!")
    page_content = response.content
else:
    print(f"Gagal mengambil halaman, status code: {response.status_code}")

# Parsing HTML
soup = BeautifulSoup(page_content, 'html.parser')

------------------

----- stdout -----
Gagal mengambil halaman, status code: 403
------------------

[0;31m---------------------------------------------------------------------------[0m
[0;31mNameError[0m                                 Traceback (most recent call last)
[0;32m<ipython-input-3-2a68fc1ae31a>[0m in [0;36m<cell line: 12>[0;34m()[0m
[1;32m     10[0m [0;34m[0m[0m
[1;32m     11[0m [0;31m# Parsing HTML[0m[0;34m[0m[0;34m[0m[0m
[0;32m---> 12[0;31m [0msoup[0m [0;34m=[0m [0mBeautifulSoup[0m[0;34m([0m[0mpage_content[0m[0;34m,[0m [0;34m'html.parser'[0m[0;34m)[0m[0;34m[0m[0;34m[0m[0m
[0m
[0;31mNameError[0m: name 'page_content' is not defined

